<?xml version="1.0" encoding="UTF-8"?>
<testsuite name="DrivableMapTest" tests="3" skipped="0" failures="0" errors="0" timestamp="2023-05-25T17:03:03" hostname="DESKTOP-1ONUR0G" time="0.008">
  <properties/>
  <testcase name="testGetTradable" classname="DrivableMapTest" time="0.007"/>
  <testcase name="testHasFasterThan" classname="DrivableMapTest" time="0.0"/>
  <testcase name="testAddDrivable" classname="DrivableMapTest" time="0.001"/>
  <system-out><![CDATA[]]></system-out>
  <system-err><![CDATA[]]></system-err>
</testsuite>
